
> ResearcherNexus-web@0.1.0 start C:\ResearcherNexus\web
> next start

   â–² Next.js 15.3.2
   - Local:        http://localhost:3000
   - Network:      http://172.16.128.43:3000

 âœ“ Starting...
 âœ“ Ready in 1559ms
ÖÕÖ¹Åú´¦Àí²Ù×÷Âğ(Y/N)? 
> ResearcherNexus-web@0.1.0 start C:\ResearcherNexus\web
> next start

   â–² Next.js 15.3.2
   - Local:        http://localhost:3000
   - Network:      http://172.16.128.43:3000

 âœ“ Starting...
 âœ“ Ready in 20.6s
ÖÕÖ¹Åú´¦Àí²Ù×÷Âğ(Y/N)? 
> ResearcherNexus-web@0.1.0 start C:\ResearcherNexus\web
> next start

   â–² Next.js 15.3.2
   - Local:        http://localhost:3000
   - Network:      http://172.16.128.43:3000

 âœ“ Starting...
 âœ“ Ready in 7.3s
ÖÕÖ¹Åú´¦Àí²Ù×÷Âğ(Y/N)? 
> ResearcherNexus-web@0.1.0 start C:\ResearcherNexus\web
> next start

   â–² Next.js 15.3.2
   - Local:        http://localhost:3000
   - Network:      http://172.16.128.43:3000

 âœ“ Starting...
 âœ“ Ready in 7.3s

> ResearcherNexus-web@0.1.0 start C:\ResearcherNexus\web
> next start

   â–² Next.js 15.3.2
   - Local:        http://localhost:3000
   - Network:      http://172.16.128.43:3000

 âœ“ Starting...
 âœ“ Ready in 1354ms
ÖÕÖ¹Åú´¦Àí²Ù×÷Âğ(Y/N)? 