'pnpm' ²»ÊÇÄÚ²¿»òÍâ²¿ÃüÁî£¬Ò²²»ÊÇ¿ÉÔËĞĞµÄ³ÌĞò
»òÅú´¦ÀíÎÄ¼ş¡£
'pnpm' ²»ÊÇÄÚ²¿»òÍâ²¿ÃüÁî£¬Ò²²»ÊÇ¿ÉÔËĞĞµÄ³ÌĞò
»òÅú´¦ÀíÎÄ¼ş¡£
'pnpm' ²»ÊÇÄÚ²¿»òÍâ²¿ÃüÁî£¬Ò²²»ÊÇ¿ÉÔËĞĞµÄ³ÌĞò
»òÅú´¦ÀíÎÄ¼ş¡£
'pnpm' ²»ÊÇÄÚ²¿»òÍâ²¿ÃüÁî£¬Ò²²»ÊÇ¿ÉÔËĞĞµÄ³ÌĞò
»òÅú´¦ÀíÎÄ¼ş¡£
'pnpm' ²»ÊÇÄÚ²¿»òÍâ²¿ÃüÁî£¬Ò²²»ÊÇ¿ÉÔËĞĞµÄ³ÌĞò
»òÅú´¦ÀíÎÄ¼ş¡£
'pnpm' ²»ÊÇÄÚ²¿»òÍâ²¿ÃüÁî£¬Ò²²»ÊÇ¿ÉÔËĞĞµÄ³ÌĞò
»òÅú´¦ÀíÎÄ¼ş¡£
'pnpm' ²»ÊÇÄÚ²¿»òÍâ²¿ÃüÁî£¬Ò²²»ÊÇ¿ÉÔËĞĞµÄ³ÌĞò
»òÅú´¦ÀíÎÄ¼ş¡£
'pnpm' ²»ÊÇÄÚ²¿»òÍâ²¿ÃüÁî£¬Ò²²»ÊÇ¿ÉÔËĞĞµÄ³ÌĞò
»òÅú´¦ÀíÎÄ¼ş¡£
'pnpm' ²»ÊÇÄÚ²¿»òÍâ²¿ÃüÁî£¬Ò²²»ÊÇ¿ÉÔËĞĞµÄ³ÌĞò
»òÅú´¦ÀíÎÄ¼ş¡£
'pnpm' ²»ÊÇÄÚ²¿»òÍâ²¿ÃüÁî£¬Ò²²»ÊÇ¿ÉÔËĞĞµÄ³ÌĞò
»òÅú´¦ÀíÎÄ¼ş¡£
'pnpm' ²»ÊÇÄÚ²¿»òÍâ²¿ÃüÁî£¬Ò²²»ÊÇ¿ÉÔËĞĞµÄ³ÌĞò
»òÅú´¦ÀíÎÄ¼ş¡£
'pnpm' ²»ÊÇÄÚ²¿»òÍâ²¿ÃüÁî£¬Ò²²»ÊÇ¿ÉÔËĞĞµÄ³ÌĞò
»òÅú´¦ÀíÎÄ¼ş¡£
'pnpm' ²»ÊÇÄÚ²¿»òÍâ²¿ÃüÁî£¬Ò²²»ÊÇ¿ÉÔËĞĞµÄ³ÌĞò
»òÅú´¦ÀíÎÄ¼ş¡£
'pnpm' ²»ÊÇÄÚ²¿»òÍâ²¿ÃüÁî£¬Ò²²»ÊÇ¿ÉÔËĞĞµÄ³ÌĞò
»òÅú´¦ÀíÎÄ¼ş¡£
 âš  "next start" does not work with "output: standalone" configuration. Use "node .next/standalone/server.js" instead.
^C^C âš  "next start" does not work with "output: standalone" configuration. Use "node .next/standalone/server.js" instead.
^C âš  "next start" does not work with "output: standalone" configuration. Use "node .next/standalone/server.js" instead.
^C âš  "next start" does not work with "output: standalone" configuration. Use "node .next/standalone/server.js" instead.
 âš  "next start" does not work with "output: standalone" configuration. Use "node .next/standalone/server.js" instead.
^C